INFO:root:creating while class object
INFO:root:printing star steps
INFO:root:printing alphabets steps
INFO:root:printing all the number divisible by 3 in between a range
INFO:root:printing all vowels from string
INFO:root:printing all teven number between 1- 1000
INFO:root:printing numbers divisible within a range
INFO:root:printing all vowels from string
INFO:root:printing all teven number between 1- 1000
INFO:root:getting current time
INFO:root:getting current date
INFO:root:sending email to your friend
INFO:root:getting ip address
INFO:root:converting text to voice
INFO:root:getting length of a string
INFO:root:getting index of primitives
INFO:root:getting all values from dictionary
INFO:root:joining lists
INFO:root:getting files from dictionary
INFO:root:appending two PDF files
INFO:root:filter one word from dictionary
INFO:root:reading video and playing
INFO:root:getting files from dictionary
INFO:root:trying to access your email
